src-tauri/gen/android/app/build/outputs/mapping/universalRelease/seeds.txt
com.lanshare.app.MainActivity
com.lanshare.app.WryActivity$setWebView$callback$1
com.lanshare.app.RustWebChromeClient$showVideoCapturePicker$1
com.lanshare.app.R$mipmap
com.lanshare.app.R$string
com.lanshare.app.ContentPlugin
com.lanshare.app.RustWebChromeClient$showImageCapturePicker$1
com.lanshare.app.RustWebChromeClient$onGeolocationPermissionsShowPrompt$1
com.lanshare.app.R$style
com.lanshare.app.WryActivity
com.lanshare.app.TauriActivity
com.lanshare.app.R$layout
com.lanshare.app.RustWebChromeClient$PermissionListener
com.lanshare.app.RustWebChromeClient$onPermissionRequest$1
com.lanshare.app.Ipc$Companion
com.lanshare.app.Ipc
com.lanshare.app.ContentPlugin$GetContentInfoArgs
com.lanshare.app.R$xml
com.lanshare.app.Logger$Companion
com.lanshare.app.WryActivity$Companion
com.lanshare.app.RustWebChromeClient
com.lanshare.app.R
com.lanshare.app.RustWebView
com.lanshare.app.RustWebChromeClient$ActivityResultListener
com.lanshare.app.RustWebChromeClient$showFilePicker$1
com.lanshare.app.RustWebViewClient
com.lanshare.app.R$color
com.lanshare.app.PermissionHelper
com.lanshare.app.RustWebViewClient$Companion
com.lanshare.app.R$drawable
com.lanshare.app.RustWebChromeClient$onShowFileChooser$1
com.lanshare.app.BuildConfig
com.lanshare.app.Logger
com.lanshare.app.RustWebView: java.lang.String getId()
com.lanshare.app.WryActivity: void memory()
com.lanshare.app.RustWebView: void onEval(int,java.lang.String)
com.lanshare.app.WryActivity: void stop()
com.lanshare.app.RustWebViewClient: void onPageLoading(java.lang.String)
com.lanshare.app.RustWebView: void loadUrlMainThread(java.lang.String)
com.lanshare.app.WryActivity: void start()
com.lanshare.app.RustWebViewClient: java.lang.String assetLoaderDomain()
com.lanshare.app.RustWebViewClient: RustWebViewClient(android.content.Context)
com.lanshare.app.WryActivity: void create(com.lanshare.app.WryActivity)
com.lanshare.app.RustWebViewClient: boolean shouldOverride(java.lang.String)
com.lanshare.app.RustWebView: void evalScript(int,java.lang.String)
com.lanshare.app.Ipc: void postMessage(java.lang.String)
com.lanshare.app.ContentPlugin: void getContentInfo(app.tauri.plugin.Invoke)
com.lanshare.app.ContentPlugin: ContentPlugin(android.app.Activity)
com.lanshare.app.RustWebViewClient: boolean withAssetLoader()
com.lanshare.app.RustWebViewClient: android.webkit.WebResourceResponse handleRequest(java.lang.String,android.webkit.WebResourceRequest,boolean)
com.lanshare.app.Ipc: Ipc(com.lanshare.app.RustWebViewClient)
com.lanshare.app.WryActivity: WryActivity()
com.lanshare.app.RustWebChromeClient: RustWebChromeClient(com.lanshare.app.WryActivity)
com.lanshare.app.RustWebView: RustWebView(android.content.Context,java.lang.String[],java.lang.String)
com.lanshare.app.RustWebChromeClient: void handleReceivedTitle(android.webkit.WebView,java.lang.String)
com.lanshare.app.WryActivity: java.lang.String getVersion()
com.lanshare.app.WryActivity: void pause()
com.lanshare.app.TauriActivity: app.tauri.plugin.PluginManager getPluginManager()
com.lanshare.app.RustWebView: void loadHTMLMainThread(java.lang.String)
com.lanshare.app.WryActivity: void setWebView(com.lanshare.app.RustWebView)
com.lanshare.app.RustWebViewClient: void onPageLoaded(java.lang.String)
com.lanshare.app.WryActivity: java.lang.Class getAppClass(java.lang.String)
com.lanshare.app.RustWebView: java.lang.String[] getInitScripts()
com.lanshare.app.MainActivity: MainActivity()
com.lanshare.app.Ipc: void ipc(java.lang.String,java.lang.String)
com.lanshare.app.RustWebView: void loadUrlMainThread(java.lang.String,java.util.Map)
com.lanshare.app.WryActivity: void onActivityDestroy()
com.lanshare.app.WryActivity: void save()
com.lanshare.app.WryActivity: void destroy()
com.lanshare.app.WryActivity: void resume()
com.lanshare.app.WryActivity: void focus(boolean)
com.lanshare.app.RustWebView: boolean shouldOverride(java.lang.String)
...
com.fasterxml.jackson.databind.ser.std.StdSerializer: com.fasterxml.jackson.databind.JsonNode getSchema(com.fasterxml.jackson.databind.SerializerProvider,java.lang.reflect.Type,boolean)
com.google.android.material.chip.Chip: void setRippleColor(android.content.res.ColorStateList)
androidx.coordinatorlayout.widget.CoordinatorLayout: void setVisibility(int)
com.fasterxml.jackson.databind.deser.BeanDeserializer: BeanDeserializer(com.fasterxml.jackson.databind.deser.BeanDeserializerBase,java.util.Set)
com.fasterxml.jackson.databind.deser.impl.BeanAsArrayDeserializer: BeanAsArrayDeserializer(com.fasterxml.jackson.databind.deser.BeanDeserializerBase,com.fasterxml.jackson.databind.deser.SettableBeanProperty[])
com.fasterxml.jackson.databind.deser.std.EnumSetDeserializer: java.util.EnumSet _deserialize(com.fasterxml.jackson.core.JsonParser,com.fasterxml.jackson.databind.DeserializationContext,java.util.EnumSet)
androidx.core.view.ViewConfigurationCompat$Api28Impl: boolean shouldShowMenuShortcutsWhenKeyboardPresent(android.view.ViewConfiguration)
com.fasterxml.jackson.databind.deser.std.StdDeserializer: com.fasterxml.jackson.databind.JsonDeserializer findDeserializer(com.fasterxml.jackson.databind.DeserializationContext,com.fasterxml.jackson.databind.JavaType,com.fasterxml.jackson.databind.BeanProperty)
com.fasterxml.jackson.databind.JsonDeserializer: com.fasterxml.jackson.databind.JsonDeserializer getDelegatee()
com.fasterxml.jackson.databind.ser.std.SqlDateSerializer: SqlDateSerializer()
com.fasterxml.jackson.databind.deser.std.NumberDeserializers$PrimitiveOrWrapperDeserializer: NumberDeserializers$PrimitiveOrWrapperDeserializer(java.lang.Class,com.fasterxml.jackson.databind.type.LogicalType,java.lang.Object,java.lang.Object)
com.fasterxml.jackson.databind.ext.SqlBlobSerializer: void serializeWithType(java.sql.Blob,com.fasterxml.jackson.core.JsonGenerator,com.fasterxml.jackson.databind.SerializerProvider,com.fasterxml.jackson.databind.jsontype.TypeSerializer)
androidx.core.view.ViewCompat$Api21Impl: void setZ(android.view.View,float)
androidx.core.view.ViewCompat$Api28Impl: void setAccessibilityHeading(android.view.View,boolean)
androidx.appcompat.view.menu.ListMenuItemView: void setIcon(android.graphics.drawable.Drawable)
com.fasterxml.jackson.databind.deser.std.UntypedObjectDeserializer$Vanilla: com.fasterxml.jackson.databind.type.LogicalType logicalType()
com.fasterxml.jackson.databind.ser.std.StdArraySerializers$LongArraySerializer: void acceptJsonFormatVisitor(com.fasterxml.jackson.databind.jsonFormatVisitors.JsonFormatVisitorWrapper,com.fasterxml.jackson.databind.JavaType)
androidx.appcompat.widget.DialogTitle: DialogTitle(android.content.Context,android.util.AttributeSet)
androidx.core.view.ViewCompat$Api30Impl: boolean isImportantForContentCapture(android.view.View)
com.google.android.material.snackbar.Snackbar$SnackbarLayout: void setBackground(android.graphics.drawable.Drawable)
androidx.core.app.ActivityCompat$Api32Impl: boolean shouldShowRequestPermissionRationale(android.app.Activity,java.lang.String)
com.google.android.material.textfield.TextInputLayout: java.lang.CharSequence getSuffixText()
com.fasterxml.jackson.databind.ext.NioPathDeserializer: java.lang.Object deserialize(com.fasterxml.jackson.core.JsonParser,com.fasterxml.jackson.databind.DeserializationContext)
org.chromium.support_lib_boundary.WebSettingsBoundaryInterface: void setSpeculativeLoadingStatus(int)
com.google.android.material.textfield.TextInputLayout: void setCounterOverflowTextColor(android.content.res.ColorStateList)
com.fasterxml.jackson.databind.ser.impl.StringArraySerializer: boolean hasSingleElement(java.lang.Object)
com.fasterxml.jackson.databind.ser.impl.UnwrappingBeanSerializer: com.fasterxml.jackson.databind.JsonSerializer unwrappingSerializer(com.fasterxml.jackson.databind.util.NameTransformer)
androidx.appcompat.widget.ActionBarOverlayLayout: ActionBarOverlayLayout(android.content.Context,android.util.AttributeSet)