src-tauri/gen/android/app/build/outputs/mapping/universalRelease/mapping.txt
# compiler: R8
# compiler_version: 8.11.18
# min_api: 24
# common_typos_disable
# {"id":"com.android.tools.r8.mapping","version":"2.2"}
# pg_map_id: 0675d87
# pg_map_hash: SHA-256 0675d87c34037c524c82659f9b5666fc4dc7ce347da76510af75a1662cbeda13
com.lanshare.app.BuildConfig -> com.lanshare.app.BuildConfig:
# {"id":"sourceFile","fileName":"BuildConfig.java"}
com.lanshare.app.ContentPlugin -> com.lanshare.app.ContentPlugin:
# {"id":"sourceFile","fileName":"ContentPlugin.kt"}
    android.app.Activity activity -> d
    6:11:void <init>(android.app.Activity):14:14 -> <init>
    8:15:void getContentInfo(app.tauri.plugin.Invoke):17:17 -> getContentInfo
    16:23:void getContentInfo(app.tauri.plugin.Invoke):18:18 -> getContentInfo
    24:29:void getContentInfo(app.tauri.plugin.Invoke):19:19 -> getContentInfo
    30:31:void getContentInfo(app.tauri.plugin.Invoke):21:21 -> getContentInfo
    32:41:void getContentInfo(app.tauri.plugin.Invoke):25:25 -> getContentInfo
    42:48:void getContentInfo(app.tauri.plugin.Invoke):34:34 -> getContentInfo
    49:54:void getContentInfo(app.tauri.plugin.Invoke):32:32 -> getContentInfo
    55:60:void getContentInfo(app.tauri.plugin.Invoke):39:39 -> getContentInfo
    61:66:void getContentInfo(app.tauri.plugin.Invoke):40:40 -> getContentInfo
    67:80:void getContentInfo(app.tauri.plugin.Invoke):42:42 -> getContentInfo
    81:93:void getContentInfo(app.tauri.plugin.Invoke):48:48 -> getContentInfo
    94:98:void getContentInfo(app.tauri.plugin.Invoke):51:51 -> getContentInfo
    99:103:void getContentInfo(app.tauri.plugin.Invoke):52:52 -> getContentInfo
    104:108:void getContentInfo(app.tauri.plugin.Invoke):53:53 -> getContentInfo
    109:112:void getContentInfo(app.tauri.plugin.Invoke):54:54 -> getContentInfo
com.lanshare.app.ContentPlugin$GetContentInfoArgs -> com.lanshare.app.ContentPlugin$GetContentInfoArgs:
# {"id":"sourceFile","fileName":"ContentPlugin.kt"}
com.lanshare.app.Ipc -> com.lanshare.app.Ipc:
# {"id":"sourceFile","fileName":"Ipc.kt"}
    com.lanshare.app.RustWebViewClient webViewClient -> a
    1:6:void <clinit>():26:26 -> <clinit>
    6:11:void <init>(com.lanshare.app.RustWebViewClient):13:13 -> <init>
    3:4:void postMessage(java.lang.String):20:20 -> postMessage
    5:6:java.lang.String com.lanshare.app.RustWebViewClient.getCurrentUrl():19:19 -> postMessage
    5:6:void postMessage(java.lang.String):20 -> postMessage
      # {"id":"com.android.tools.r8.rewriteFrame","conditions":["throws(Ljava/lang/NullPointerException;)"],"actions":["removeInnerFrames(1)"]}
    7:10:void postMessage(java.lang.String):20:20 -> postMessage
com.lanshare.app.Ipc$Companion -> com.lanshare.app.Ipc$Companion:
# {"id":"sourceFile","fileName":"Ipc.kt"}
com.lanshare.app.Logger -> com.lanshare.app.Logger:
# {"id":"sourceFile","fileName":"Logger.kt"}
com.lanshare.app.Logger$Companion -> com.lanshare.app.Logger$Companion:
# {"id":"sourceFile","fileName":"Logger.kt"}
    1:3:java.lang.String tags(java.lang.String[]):21:21 -> a
    4:6:java.lang.String tags(java.lang.String[]):23:23 -> a
    7:27:java.lang.String tags(java.lang.String[]):22:22 -> a
...
com.fasterxml.jackson.core.io.schubfach.DoubleToDecimal -> q0.a:
# {"id":"sourceFile","fileName":"DoubleToDecimal.java"}
    int q0.DoubleToDecimal.$r8$classId -> a
      # {"id":"com.android.tools.r8.synthesized"}
    byte[] bytes -> b
    int index -> c
    6:10:void <init>():123:123 -> <init>
      # {"id":"com.android.tools.r8.residualsignature","signature":"(I)V"}
    11:15:void <init>():118:118 -> <init>
    16:20:void com.fasterxml.jackson.core.io.schubfach.FloatToDecimal.<init>():122:122 -> <init>
    21:26:void com.fasterxml.jackson.core.io.schubfach.FloatToDecimal.<init>():117:117 -> <init>
    6:17:void com.fasterxml.jackson.core.io.schubfach.FloatToDecimal.append(int):556:556 -> a
    18:30:void append(int):584:584 -> a
    17:35:int com.fasterxml.jackson.core.io.schubfach.FloatToDecimal.y(int):531:531 -> b
    17:35:void com.fasterxml.jackson.core.io.schubfach.FloatToDecimal.append8Digits(int):504 -> b
    36:57:void com.fasterxml.jackson.core.io.schubfach.FloatToDecimal.append8Digits(int):507:507 -> b
    58:76:int y(int):549:549 -> b
    58:76:void append8Digits(int):522 -> b
    77:88:void append8Digits(int):525:525 -> b
    6:19:void com.fasterxml.jackson.core.io.schubfach.FloatToDecimal.appendDigit(int):560:560 -> c
    20:34:void appendDigit(int):588:588 -> c
    3:5:void lowDigits(int):512:512 -> d
    6:17:void removeTrailingZeroes():531:531 -> d
    6:17:void lowDigits(int):514 -> d
    18:26:void removeTrailingZeroes():532:532 -> d
com.fasterxml.jackson.core.io.schubfach.MathUtils -> q0.b:
# {"id":"sourceFile","fileName":"MathUtils.java"}
    long[] pow10 -> a
    long[] g -> b
    3:11:void <clinit>():66:66 -> <clinit>
    12:20:void <clinit>():205:205 -> <clinit>
    1:28:long multiplyHigh(long,long):191:191 -> a
com.fasterxml.jackson.core.json.JsonGeneratorImpl -> r0.a:
# {"id":"sourceFile","fileName":"JsonGeneratorImpl.java"}
    com.fasterxml.jackson.core.io.IOContext _ioContext -> j
      # {"id":"com.android.tools.r8.residualsignature","signature":"Lo0/d;"}
    int[] _outputEscapes -> k
    int _maximumNonEscapedChar -> l
    com.fasterxml.jackson.core.SerializableString _rootValueSeparator -> m
      # {"id":"com.android.tools.r8.residualsignature","signature":"Ll0/q;"}
    boolean _cfgUnqNames -> n
    boolean _cfgWriteHexUppercase -> o
    int[] sOutputEscapes -> p
    1:2:int[] com.fasterxml.jackson.core.io.CharTypes.get7BitOutputEscapes():216:216 -> <clinit>
    1:2:void <clinit>():32 -> <clinit>
    3:5:void <clinit>():32:32 -> <clinit>
    1:3:void com.fasterxml.jackson.core.JsonGenerator.<init>():322:322 -> <init>
    1:3:void com.fasterxml.jackson.core.base.GeneratorBase.<init>(int,com.fasterxml.jackson.core.ObjectCodec):106 -> <init>
    1:3:void <init>(com.fasterxml.jackson.core.io.IOContext,int,com.fasterxml.jackson.core.ObjectCodec):122 -> <init>
      # {"id":"com.android.tools.r8.residualsignature","signature":"(Lo0/d;ILl0/o;)V"}
    4:5:void com.fasterxml.jackson.core.base.GeneratorBase.<init>(int,com.fasterxml.jackson.core.ObjectCodec):107:107 -> <init>
    4:5:void <init>(com.fasterxml.jackson.core.io.IOContext,int,com.fasterxml.jackson.core.ObjectCodec):122 -> <init>