src-tauri/gen/android/app/build/outputs/mapping/universalRelease/usage.txt
com.lanshare.app.BuildConfig:
    public static final java.lang.String APPLICATION_ID
    public static final java.lang.String BUILD_TYPE
    public static final boolean DEBUG
    public static final java.lang.String FLAVOR
    public static final int VERSION_CODE
    public static final java.lang.String VERSION_NAME
    public void <init>()
com.lanshare.app.ContentPlugin$GetContentInfoArgs:
    public void <init>(java.lang.String)
    public final java.lang.String component1()
    public final com.lanshare.app.ContentPlugin$GetContentInfoArgs copy(java.lang.String)
    public static synthetic com.lanshare.app.ContentPlugin$GetContentInfoArgs copy$default(com.lanshare.app.ContentPlugin$GetContentInfoArgs,java.lang.String,int,java.lang.Object)
com.lanshare.app.Ipc:
    public final com.lanshare.app.RustWebViewClient getWebViewClient()
com.lanshare.app.Logger$Companion:
    public final void error(java.lang.String,java.lang.Throwable)
    public final void info(java.lang.String)
    public final void verbose(java.lang.String)
    private final void verbose(java.lang.String,java.lang.String)
com.lanshare.app.Logger:
    private static final java.lang.String LOG_TAG_CORE
    public void <init>()
com.lanshare.app.PermissionHelper:
    public final java.lang.String[] getUndefinedPermissions(android.content.Context,java.lang.String[])
    public final boolean hasDefinedPermissions(android.content.Context,java.lang.String[])
com.lanshare.app.R$color:
    public static final int black
    public static final int purple_200
    public static final int purple_500
    public static final int purple_700
    public static final int teal_200
    public static final int teal_700
    public static final int white
    private void <init>()
com.lanshare.app.R$drawable:
    public static final int ic_launcher_background
    public static final int ic_launcher_foreground
    private void <init>()
com.lanshare.app.R$layout:
    public static final int activity_main
    private void <init>()
com.lanshare.app.R$mipmap:
    public static final int ic_launcher
    public static final int ic_launcher_foreground
    public static final int ic_launcher_round
    private void <init>()
com.lanshare.app.R$string:
    public static final int app_name
    public static final int main_activity_title
    private void <init>()
com.lanshare.app.R$style:
    public static final int Theme_app
    private void <init>()
com.lanshare.app.R$xml:
    public static final int file_paths
    private void <init>()
com.lanshare.app.R:
    private void <init>()
com.lanshare.app.RustWebView:
    public final void clearAllBrowsingData()
    public final java.lang.String getCookies(java.lang.String)
com.lanshare.app.RustWebViewClient:
    public final void setCurrentUrl(java.lang.String)
com.lanshare.app.TauriActivity:
    public final void setPluginManager(app.tauri.plugin.PluginManager)
com.lanshare.app.ContentPlugin$GetContentInfoArgs:
    public final java.lang.String uri
    public static java.lang.String getUri()
com.lanshare.app.Ipc:
    public static final com.lanshare.app.Ipc$Companion Companion
com.lanshare.app.Logger$Companion:
    public static void debug(java.lang.String)
    public static void debug(java.lang.String,java.lang.String)
    public static void error()
    public static void error(java.lang.String,java.lang.String)
    public static void info()
    public static boolean shouldLog()
    public static void warn(java.lang.String)
    public static void warn(java.lang.String,java.lang.String)
com.lanshare.app.Logger:
    public static final com.lanshare.app.Logger$Companion Companion
    static void <clinit>()
com.lanshare.app.PermissionHelper:
    public static final com.lanshare.app.PermissionHelper INSTANCE
    static void <clinit>()
    public static boolean hasDefinedPermission()
com.lanshare.app.RustWebView:
    public static boolean isDocumentStartScriptEnabled()
...
androidx.emoji2.text.flatbuffer.FloatVector
androidx.emoji2.text.flatbuffer.IntVector
androidx.emoji2.text.flatbuffer.LongVector
androidx.emoji2.text.flatbuffer.MetadataItem$Vector
androidx.emoji2.text.flatbuffer.MetadataItem:
    public static void ValidateVersion()
    static synthetic int access$000(int,java.nio.ByteBuffer)
    public static void addCodepoints(androidx.emoji2.text.flatbuffer.FlatBufferBuilder,int)
    public static void addCompatAdded(androidx.emoji2.text.flatbuffer.FlatBufferBuilder,short)
    public static void addEmojiStyle(androidx.emoji2.text.flatbuffer.FlatBufferBuilder,boolean)
    public static void addHeight(androidx.emoji2.text.flatbuffer.FlatBufferBuilder,short)
    public static void addId(androidx.emoji2.text.flatbuffer.FlatBufferBuilder,int)
    public static void addSdkAdded(androidx.emoji2.text.flatbuffer.FlatBufferBuilder,short)
    public static void addWidth(androidx.emoji2.text.flatbuffer.FlatBufferBuilder,short)
    public java.nio.ByteBuffer codepointsAsByteBuffer()
    public java.nio.ByteBuffer codepointsInByteBuffer(java.nio.ByteBuffer)
    public androidx.emoji2.text.flatbuffer.IntVector codepointsVector()
    public androidx.emoji2.text.flatbuffer.IntVector codepointsVector(androidx.emoji2.text.flatbuffer.IntVector)
    public short compatAdded()
    public static int createCodepointsVector(androidx.emoji2.text.flatbuffer.FlatBufferBuilder,int[])
    public static int createMetadataItem(androidx.emoji2.text.flatbuffer.FlatBufferBuilder,int,boolean,short,short,short,short,int)
    public static int endMetadataItem(androidx.emoji2.text.flatbuffer.FlatBufferBuilder)
androidx.emoji2.text.flatbuffer.MetadataList$Vector
androidx.emoji2.text.flatbuffer.MetadataList:
    public static void ValidateVersion()
    static synthetic int access$000(int,java.nio.ByteBuffer)
    public static void addList(androidx.emoji2.text.flatbuffer.FlatBufferBuilder,int)
    public static void addSourceSha(androidx.emoji2.text.flatbuffer.FlatBufferBuilder,int)
    public static void addVersion(androidx.emoji2.text.flatbuffer.FlatBufferBuilder,int)
    public static int createListVector(androidx.emoji2.text.flatbuffer.FlatBufferBuilder,int[])
    public static int createMetadataList(androidx.emoji2.text.flatbuffer.FlatBufferBuilder,int,int,int)
    public static int endMetadataList(androidx.emoji2.text.flatbuffer.FlatBufferBuilder)
    public static void finishMetadataListBuffer(androidx.emoji2.text.flatbuffer.FlatBufferBuilder,int)
    public static void finishSizePrefixedMetadataListBuffer(androidx.emoji2.text.flatbuffer.FlatBufferBuilder,int)
    public androidx.emoji2.text.flatbuffer.MetadataItem list(int)
    public androidx.emoji2.text.flatbuffer.MetadataItem$Vector listVector()
    public androidx.emoji2.text.flatbuffer.MetadataItem$Vector listVector(androidx.emoji2.text.flatbuffer.MetadataItem$Vector)
    public java.lang.String sourceSha()
    public java.nio.ByteBuffer sourceShaAsByteBuffer()
    public java.nio.ByteBuffer sourceShaInByteBuffer(java.nio.ByteBuffer)
    public static void startListVector(androidx.emoji2.text.flatbuffer.FlatBufferBuilder,int)
androidx.emoji2.text.flatbuffer.ReadBuf
androidx.emoji2.text.flatbuffer.ReadWriteBuf
androidx.emoji2.text.flatbuffer.ShortVector
androidx.emoji2.text.flatbuffer.StringVector
androidx.emoji2.text.flatbuffer.Struct
androidx.emoji2.text.flatbuffer.Table$1